# JRE version: OpenJDK Runtime Environment Temurin-17.0.6+10 (17.0.6+10) (build 17.0.6+10)
# Java VM: OpenJDK 64-Bit Server VM Temurin-17.0.6+10 (17.0.6+10, mixed mode, emulated-client, tiered, compressed oops, compressed class ptrs, g1 gc, windows-amd64)
GC Precious Log:
 CPUs: 8 total, 8 available
 Memory: 16254M
 Large Page Support: Disabled
 NUMA Support: Disabled
 Compressed Oops: Enabled (Zero based)
 Heap Region Size: 2M
 Heap Min Capacity: 8M
 Heap Initial Capacity: 254M
 Heap Max Capacity: 4064M
 Pre-touch: Disabled
 Parallel Workers: 8
 Concurrent Workers: 2
 Concurrent Refinement Workers: 8
 Periodic GC: Disabled
Heap:
 garbage-first heap   total 122880K, used 91130K [0x0000000702000000, 0x0000000800000000)
  region size 2048K, 26 young (53248K), 2 survivors (4096K)
 Metaspace       used 80170K, committed 80704K, reserved 1122304K
  class space    used 10801K, committed 11072K, reserved 1048576K
GC Heap History (20 events):
Event: 8.203 GC heap before
{Heap before GC invocations=21 (full 0):
 garbage-first heap   total 163840K, used 124854K [0x0000000702000000, 0x0000000800000000)
  region size 2048K, 48 young (98304K), 3 survivors (6144K)
 Metaspace       used 75761K, committed 76288K, reserved 1122304K
  class space    used 10296K, committed 10560K, reserved 1048576K
}
Event: 8.225 GC heap after
{Heap after GC invocations=22 (full 0):
 garbage-first heap   total 163840K, used 37106K [0x0000000702000000, 0x0000000800000000)
  region size 2048K, 5 young (10240K), 5 survivors (10240K)
 Metaspace       used 75761K, committed 76288K, reserved 1122304K
  class space    used 10296K, committed 10560K, reserved 1048576K
}
Event: 90.250 GC heap before
{Heap before GC invocations=22 (full 0):
 garbage-first heap   total 163840K, used 76018K [0x0000000702000000, 0x0000000800000000)
  region size 2048K, 25 young (51200K), 5 survivors (10240K)
 Metaspace       used 78189K, committed 78848K, reserved 1122304K
  class space    used 10621K, committed 10944K, reserved 1048576K
}
Event: 90.297 GC heap after
{Heap after GC invocations=23 (full 1):
 garbage-first heap   total 122880K, used 31714K [0x0000000702000000, 0x0000000800000000)
  region size 2048K, 0 young (0K), 0 survivors (0K)
 Metaspace       used 78189K, committed 78848K, reserved 1122304K
  class space    used 10621K, committed 10944K, reserved 1048576K
}
Event: 91.616 GC heap before
{Heap before GC invocations=23 (full 1):
 garbage-first heap   total 122880K, used 93154K [0x0000000702000000, 0x0000000800000000)
  region size 2048K, 31 young (63488K), 0 survivors (0K)
 Metaspace       used 78564K, committed 79232K, reserved 1122304K
  class space    used 10672K, committed 11008K, reserved 1048576K
}
Event: 91.621 GC heap after
{Heap after GC invocations=24 (full 1):
 garbage-first heap   total 122880K, used 36613K [0x0000000702000000, 0x0000000800000000)
  region size 2048K, 3 young (6144K), 3 survivors (6144K)
 Metaspace       used 78564K, committed 79232K, reserved 1122304K
  class space    used 10672K, committed 11008K, reserved 1048576K
}
Event: 92.785 GC heap before
{Heap before GC invocations=25 (full 1):
 garbage-first heap   total 122880K, used 93957K [0x0000000702000000, 0x0000000800000000)
  region size 2048K, 31 young (63488K), 3 survivors (6144K)
 Metaspace       used 78751K, committed 79360K, reserved 1122304K
  class space    used 10662K, committed 11008K, reserved 1048576K
}
Event: 92.790 GC heap after
{Heap after GC invocations=26 (full 1):
 garbage-first heap   total 122880K, used 39501K [0x0000000702000000, 0x0000000800000000)
  region size 2048K, 4 young (8192K), 4 survivors (8192K)
 Metaspace       used 78751K, committed 79360K, reserved 1122304K
  class space    used 10662K, committed 11008K, reserved 1048576K
}
Event: 94.359 GC heap before
{Heap before GC invocations=26 (full 1):
 garbage-first heap   total 122880K, used 94797K [0x0000000702000000, 0x0000000800000000)
  region size 2048K, 31 young (63488K), 4 survivors (8192K)
 Metaspace       used 79132K, committed 79744K, reserved 1122304K
  class space    used 10697K, committed 11008K, reserved 1048576K
}
Event: 94.365 GC heap after
{Heap after GC invocations=27 (full 1):
 garbage-first heap   total 122880K, used 41136K [0x0000000702000000, 0x0000000800000000)
  region size 2048K, 3 young (6144K), 3 survivors (6144K)
 Metaspace       used 79132K, committed 79744K, reserved 1122304K
  class space    used 10697K, committed 11008K, reserved 1048576K
}
Event: 96.382 GC heap before
{Heap before GC invocations=27 (full 1):
 garbage-first heap   total 122880K, used 65712K [0x0000000702000000, 0x0000000800000000)
  region size 2048K, 16 young (32768K), 3 survivors (6144K)
 Metaspace       used 79153K, committed 79744K, reserved 1122304K
  class space    used 10701K, committed 11008K, reserved 1048576K
}
Event: 96.424 GC heap after
{Heap after GC invocations=28 (full 2):
 garbage-first heap   total 122880K, used 33533K [0x0000000702000000, 0x0000000800000000)
  region size 2048K, 0 young (0K), 0 survivors (0K)
 Metaspace       used 79053K, committed 79744K, reserved 1122304K
  class space    used 10678K, committed 11008K, reserved 1048576K
}
Event: 97.022 GC heap before
{Heap before GC invocations=28 (full 2):
 garbage-first heap   total 122880K, used 90877K [0x0000000702000000, 0x0000000800000000)
  region size 2048K, 29 young (59392K), 0 survivors (0K)
 Metaspace       used 79418K, committed 80000K, reserved 1122304K
  class space    used 10733K, committed 11008K, reserved 1048576K
}
Event: 97.025 GC heap after
{Heap after GC invocations=29 (full 2):
 garbage-first heap   total 122880K, used 37990K [0x0000000702000000, 0x0000000800000000)
  region size 2048K, 3 young (6144K), 3 survivors (6144K)
 Metaspace       used 79418K, committed 80000K, reserved 1122304K
  class space    used 10733K, committed 11008K, reserved 1048576K
}
Event: 97.424 GC heap before
{Heap before GC invocations=29 (full 2):
 garbage-first heap   total 122880K, used 91238K [0x0000000702000000, 0x0000000800000000)
  region size 2048K, 29 young (59392K), 3 survivors (6144K)
 Metaspace       used 79732K, committed 80256K, reserved 1122304K
  class space    used 10762K, committed 11008K, reserved 1048576K
}
Event: 97.428 GC heap after
{Heap after GC invocations=30 (full 2):
 garbage-first heap   total 122880K, used 40960K [0x0000000702000000, 0x0000000800000000)
  region size 2048K, 4 young (8192K), 4 survivors (8192K)
 Metaspace       used 79732K, committed 80256K, reserved 1122304K
  class space    used 10762K, committed 11008K, reserved 1048576K
}
Event: 97.660 GC heap before
{Heap before GC invocations=30 (full 2):
 garbage-first heap   total 122880K, used 92160K [0x0000000702000000, 0x0000000800000000)
  region size 2048K, 29 young (59392K), 4 survivors (8192K)
 Metaspace       used 80059K, committed 80640K, reserved 1122304K
  class space    used 10791K, committed 11072K, reserved 1048576K
}
Event: 97.664 GC heap after
{Heap after GC invocations=31 (full 2):
 garbage-first heap   total 122880K, used 41759K [0x0000000702000000, 0x0000000800000000)
  region size 2048K, 3 young (6144K), 3 survivors (6144K)
 Metaspace       used 80059K, committed 80640K, reserved 1122304K
  class space    used 10791K, committed 11072K, reserved 1048576K
}
Event: 196.667 GC heap before
{Heap before GC invocations=31 (full 2):
 garbage-first heap   total 122880K, used 92959K [0x0000000702000000, 0x0000000800000000)
  region size 2048K, 28 young (57344K), 3 survivors (6144K)
 Metaspace       used 80155K, committed 80704K, reserved 1122304K
  class space    used 10799K, committed 11072K, reserved 1048576K
}
Event: 196.672 GC heap after
{Heap after GC invocations=32 (full 2):
 garbage-first heap   total 122880K, used 44026K [0x0000000702000000, 0x0000000800000000)
  region size 2048K, 2 young (4096K), 2 survivors (4096K)
 Metaspace       used 80155K, committed 80704K, reserved 1122304K
  class space    used 10799K, committed 11072K, reserved 1048576K
}

