# JRE version: OpenJDK Runtime Environment Temurin-17.0.6+10 (17.0.6+10) (build 17.0.6+10)
# Java VM: OpenJDK 64-Bit Server VM Temurin-17.0.6+10 (17.0.6+10, mixed mode, emulated-client, tiered, compressed oops, compressed class ptrs, g1 gc, windows-amd64)
GC Precious Log:
 CPUs: 8 total, 8 available
 Memory: 16254M
 Large Page Support: Disabled
 NUMA Support: Disabled
 Compressed Oops: Enabled (Zero based)
 Heap Region Size: 2M
 Heap Min Capacity: 8M
 Heap Initial Capacity: 254M
 Heap Max Capacity: 4064M
 Pre-touch: Disabled
 Parallel Workers: 8
 Concurrent Workers: 2
 Concurrent Refinement Workers: 8
 Periodic GC: Disabled
Heap:
 garbage-first heap   total 108544K, used 85642K [0x0000000702000000, 0x0000000800000000)
  region size 2048K, 27 young (55296K), 2 survivors (4096K)
 Metaspace       used 76701K, committed 77312K, reserved 1122304K
  class space    used 10478K, committed 10752K, reserved 1048576K
GC Heap History (20 events):
Event: 1456.010 GC heap after
{Heap after GC invocations=72 (full 6):
 garbage-first heap   total 108544K, used 34299K [0x0000000702000000, 0x0000000800000000)
  region size 2048K, 2 young (4096K), 2 survivors (4096K)
 Metaspace       used 75571K, committed 76160K, reserved 1122304K
  class space    used 10300K, committed 10560K, reserved 1048576K
}
Event: 1568.061 GC heap before
{Heap before GC invocations=72 (full 6):
 garbage-first heap   total 108544K, used 85499K [0x0000000702000000, 0x0000000800000000)
  region size 2048K, 27 young (55296K), 2 survivors (4096K)
 Metaspace       used 75893K, committed 76480K, reserved 1122304K
  class space    used 10353K, committed 10624K, reserved 1048576K
}
Event: 1568.065 GC heap after
{Heap after GC invocations=73 (full 6):
 garbage-first heap   total 108544K, used 34468K [0x0000000702000000, 0x0000000800000000)
  region size 2048K, 2 young (4096K), 2 survivors (4096K)
 Metaspace       used 75893K, committed 76480K, reserved 1122304K
  class space    used 10353K, committed 10624K, reserved 1048576K
}
Event: 1677.672 GC heap before
{Heap before GC invocations=73 (full 6):
 garbage-first heap   total 108544K, used 83620K [0x0000000702000000, 0x0000000800000000)
  region size 2048K, 27 young (55296K), 2 survivors (4096K)
 Metaspace       used 75946K, committed 76544K, reserved 1122304K
  class space    used 10361K, committed 10624K, reserved 1048576K
}
Event: 1677.720 GC heap after
{Heap after GC invocations=74 (full 7):
 garbage-first heap   total 90112K, used 23595K [0x0000000702000000, 0x0000000800000000)
  region size 2048K, 0 young (0K), 0 survivors (0K)
 Metaspace       used 75023K, committed 75968K, reserved 1122304K
  class space    used 10263K, committed 10624K, reserved 1048576K
}
Event: 1678.054 GC heap before
{Heap before GC invocations=74 (full 7):
 garbage-first heap   total 90112K, used 72747K [0x0000000702000000, 0x0000000800000000)
  region size 2048K, 24 young (49152K), 0 survivors (0K)
 Metaspace       used 75289K, committed 75968K, reserved 1122304K
  class space    used 10300K, committed 10624K, reserved 1048576K
}
Event: 1678.057 GC heap after
{Heap after GC invocations=75 (full 7):
 garbage-first heap   total 90112K, used 28710K [0x0000000702000000, 0x0000000800000000)
  region size 2048K, 3 young (6144K), 3 survivors (6144K)
 Metaspace       used 75289K, committed 75968K, reserved 1122304K
  class space    used 10300K, committed 10624K, reserved 1048576K
}
Event: 1678.300 GC heap before
{Heap before GC invocations=76 (full 7):
 garbage-first heap   total 90112K, used 69670K [0x0000000702000000, 0x0000000800000000)
  region size 2048K, 23 young (47104K), 3 survivors (6144K)
 Metaspace       used 75595K, committed 76160K, reserved 1122304K
  class space    used 10324K, committed 10624K, reserved 1048576K
}
Event: 1678.305 GC heap after
{Heap after GC invocations=77 (full 7):
 garbage-first heap   total 90112K, used 31618K [0x0000000702000000, 0x0000000800000000)
  region size 2048K, 2 young (4096K), 2 survivors (4096K)
 Metaspace       used 75595K, committed 76160K, reserved 1122304K
  class space    used 10324K, committed 10624K, reserved 1048576K
}
Event: 1678.421 GC heap before
{Heap before GC invocations=77 (full 7):
 garbage-first heap   total 90112K, used 66434K [0x0000000702000000, 0x0000000800000000)
  region size 2048K, 19 young (38912K), 2 survivors (4096K)
 Metaspace       used 75800K, committed 76352K, reserved 1122304K
  class space    used 10343K, committed 10624K, reserved 1048576K
}
Event: 1678.424 GC heap after
{Heap after GC invocations=78 (full 7):
 garbage-first heap   total 90112K, used 31910K [0x0000000702000000, 0x0000000800000000)
  region size 2048K, 2 young (4096K), 2 survivors (4096K)
 Metaspace       used 75800K, committed 76352K, reserved 1122304K
  class space    used 10343K, committed 10624K, reserved 1048576K
}
Event: 1683.899 GC heap before
{Heap before GC invocations=78 (full 7):
 garbage-first heap   total 90112K, used 68774K [0x0000000702000000, 0x0000000800000000)
  region size 2048K, 20 young (40960K), 2 survivors (4096K)
 Metaspace       used 75912K, committed 76480K, reserved 1122304K
  class space    used 10353K, committed 10624K, reserved 1048576K
}
Event: 1683.903 GC heap after
{Heap after GC invocations=79 (full 7):
 garbage-first heap   total 108544K, used 34129K [0x0000000702000000, 0x0000000800000000)
  region size 2048K, 2 young (4096K), 2 survivors (4096K)
 Metaspace       used 75912K, committed 76480K, reserved 1122304K
  class space    used 10353K, committed 10624K, reserved 1048576K
}
Event: 1780.408 GC heap before
{Heap before GC invocations=79 (full 7):
 garbage-first heap   total 108544K, used 83281K [0x0000000702000000, 0x0000000800000000)
  region size 2048K, 26 young (53248K), 2 survivors (4096K)
 Metaspace       used 76681K, committed 77248K, reserved 1122304K
  class space    used 10475K, committed 10752K, reserved 1048576K
}
Event: 1780.411 GC heap after
{Heap after GC invocations=80 (full 7):
 garbage-first heap   total 108544K, used 35003K [0x0000000702000000, 0x0000000800000000)
  region size 2048K, 2 young (4096K), 2 survivors (4096K)
 Metaspace       used 76681K, committed 77248K, reserved 1122304K
  class space    used 10475K, committed 10752K, reserved 1048576K
}
Event: 1892.032 GC heap before
{Heap before GC invocations=80 (full 7):
 garbage-first heap   total 108544K, used 84155K [0x0000000702000000, 0x0000000800000000)
  region size 2048K, 26 young (53248K), 2 survivors (4096K)
 Metaspace       used 76691K, committed 77248K, reserved 1122304K
  class space    used 10476K, committed 10752K, reserved 1048576K
}
Event: 1892.035 GC heap after
{Heap after GC invocations=81 (full 7):
 garbage-first heap   total 108544K, used 34540K [0x0000000702000000, 0x0000000800000000)
  region size 2048K, 2 young (4096K), 2 survivors (4096K)
 Metaspace       used 76691K, committed 77248K, reserved 1122304K
  class space    used 10476K, committed 10752K, reserved 1048576K
}
Event: 2007.790 GC heap before
{Heap before GC invocations=81 (full 7):
 garbage-first heap   total 108544K, used 85740K [0x0000000702000000, 0x0000000800000000)
  region size 2048K, 27 young (55296K), 2 survivors (4096K)
 Metaspace       used 76691K, committed 77248K, reserved 1122304K
  class space    used 10476K, committed 10752K, reserved 1048576K
}
Event: 2007.793 GC heap after
{Heap after GC invocations=82 (full 7):
 garbage-first heap   total 108544K, used 34442K [0x0000000702000000, 0x0000000800000000)
  region size 2048K, 2 young (4096K), 2 survivors (4096K)
 Metaspace       used 76691K, committed 77248K, reserved 1122304K
  class space    used 10476K, committed 10752K, reserved 1048576K
}
Event: 2122.691 GC heap before
{Heap before GC invocations=82 (full 7):
 garbage-first heap   total 108544K, used 85642K [0x0000000702000000, 0x0000000800000000)
  region size 2048K, 27 young (55296K), 2 survivors (4096K)
 Metaspace       used 76701K, committed 77312K, reserved 1122304K
  class space    used 10478K, committed 10752K, reserved 1048576K
}

